<?xml version="1.0" encoding="UTF-8"?>
<!-- Generated by org.testng.reporters.JUnitReportReporter -->
<testsuite hostname="admin-PC" name="scenarios.LM_Update_Dates" tests="2" failures="0" timestamp="23 May 2014 07:21:34 GMT" time="13.124" errors="0">
  <testcase name="LM_Update_Dates" time="5.267" classname="scenarios.LM_Update_Dates"/>
  <testcase name="L5_Login" time="7.857" classname="scenarios.LM_Update_Dates"/>
</testsuite> <!-- scenarios.LM_Update_Dates -->
