<?xml version="1.0" encoding="UTF-8"?>
<!-- Generated by org.testng.reporters.JUnitReportReporter -->
<testsuite hostname="admin-PC" name="scenarios.Area_Compliance_Thresh" tests="2" failures="0" timestamp="23 Apr 2014 12:29:06 GMT" time="16.263" errors="0">
  <testcase name="login" time="8.525" classname="scenarios.Area_Compliance_Thresh"/>
  <testcase name="Search" time="7.738" classname="scenarios.Area_Compliance_Thresh"/>
</testsuite> <!-- scenarios.Area_Compliance_Thresh -->
