<?xml version="1.0" encoding="UTF-8"?>
<!-- Generated by org.testng.reporters.JUnitReportReporter -->
<testsuite hostname="admin-PC" name="scenarios.L1_Login" tests="1" failures="0" timestamp="3 Apr 2014 11:55:22 GMT" time="9.032" errors="0">
  <testcase name="login" time="9.032" classname="scenarios.L1_Login"/>
</testsuite> <!-- scenarios.L1_Login -->
