<?xml version="1.0" encoding="UTF-8"?>
<!-- Generated by org.testng.reporters.JUnitReportReporter -->
<testsuite hostname="admin-PC" name="scenarios.ClientReports" tests="1" failures="0" timestamp="2 May 2014 13:43:24 GMT" time="4.207" errors="0">
  <testcase name="L5_Client_Reports" time="4.207" classname="scenarios.ClientReports"/>
</testsuite> <!-- scenarios.ClientReports -->
