<?xml version="1.0" encoding="UTF-8"?>
<!-- Generated by org.testng.reporters.JUnitReportReporter -->
<testsuite hostname="admin-PC" name="scenarios.License_Management" tests="1" failures="0" timestamp="2 May 2014 13:43:24 GMT" time="4.938" errors="0">
  <testcase name="LM_Update_Dates" time="4.938" classname="scenarios.License_Management"/>
</testsuite> <!-- scenarios.License_Management -->
