<?xml version="1.0" encoding="UTF-8"?>
<!-- Generated by org.testng.reporters.JUnitReportReporter -->
<testsuite hostname="admin-PC" name="scenarios.L5_Webinar_Creation" tests="1" failures="0" timestamp="3 Apr 2014 08:09:30 GMT" time="5.164" errors="0">
  <testcase name="Webinar1" time="5.164" classname="scenarios.L5_Webinar_Creation"/>
</testsuite> <!-- scenarios.L5_Webinar_Creation -->
