<?xml version="1.0" encoding="UTF-8"?>
<!-- Generated by org.testng.reporters.JUnitReportReporter -->
<testsuite hostname="admin-PC" name="scenarios.L5_LogsIn" tests="2" failures="0" timestamp="4 Apr 2014 12:15:08 GMT" time="9.415" errors="0">
  <testcase name="ProfileUpdate" time="2.361" classname="scenarios.L5_LogsIn"/>
  <testcase name="Login" time="7.054" classname="scenarios.L5_LogsIn"/>
</testsuite> <!-- scenarios.L5_LogsIn -->
