<?xml version="1.0" encoding="UTF-8"?>
<!-- Generated by org.testng.reporters.JUnitReportReporter -->
<testsuite hostname="admin-PC" name="scenarios.Import_Area" tests="1" failures="0" timestamp="2 May 2014 13:43:24 GMT" time="7.685" errors="0">
  <testcase name="L5_Import_Area" time="7.685" classname="scenarios.Import_Area"/>
</testsuite> <!-- scenarios.Import_Area -->
